Build started 9/20/2017 12:01:24 PM.
     1>Project "C:\Users\Sebastian\Documents\GitHub\sfmlProject\sfmlProject\sfmlProject\sfmlProject.vcxproj" on node 2 (Build target(s)).
     1>ClCompile:
         C:\Program Files (x86)\Microsoft Visual Studio 14.0\VC\bin\CL.exe /c /I"C:\Program Files\boost\boost_1_60_0" /I"C:\Users\Sebastian\Documents\GitHub\sfmlProject\sfmlProject\sfmlLib\SFML-2.3.2\include" /Zi /nologo /W3 /WX- /sdl /O2 /Oi /Oy- /GL /D WIN32 /D NDEBUG /D _CONSOLE /D _UNICODE /D UNICODE /Gm- /EHsc /MD /GS /Gy /fp:precise /Zc:wchar_t /Zc:forScope /Zc:inline /Fo"Release\\" /Fd"Release\vc140.pdb" /Gd /TP /analyze- /errorReport:prompt ImageAltering.cpp
         ImageAltering.cpp
     1>ImageAltering.cpp(33): warning C4018: '<': signed/unsigned mismatch
     1>ImageAltering.cpp(42): warning C4018: '<': signed/unsigned mismatch
     1>ImageAltering.cpp(80): warning C4018: '<': signed/unsigned mismatch
     1>ImageAltering.cpp(109): warning C4101: 'avgEnergy': unreferenced local variable
     1>ImageAltering.cpp(516): warning C4018: '<': signed/unsigned mismatch
     1>ImageAltering.cpp(538): warning C4018: '<': signed/unsigned mismatch
     1>ImageAltering.cpp(542): warning C4018: '<': signed/unsigned mismatch
     1>ImageAltering.cpp(551): warning C4018: '<': signed/unsigned mismatch
       Link:
         C:\Program Files (x86)\Microsoft Visual Studio 14.0\VC\bin\link.exe /ERRORREPORT:PROMPT /OUT:"C:\Users\Sebastian\Documents\GitHub\sfmlProject\sfmlProject\Release\sfmlProject.exe" /INCREMENTAL:NO /NOLOGO /LIBPATH:"C:\Program Files\boost\boost_1_60_0\stage\lib" /LIBPATH:"C:\Users\Sebastian\Documents\GitHub\sfmlProject\sfmlProject\sfmlLib\SFML-2.3.2\lib" "sfml-graphics.lib" "sfml-window.lib" "sfml-system.lib" kernel32.lib user32.lib gdi32.lib winspool.lib comdlg32.lib advapi32.lib shell32.lib ole32.lib oleaut32.lib uuid.lib odbc32.lib odbccp32.lib /MANIFEST /MANIFESTUAC:"level='asInvoker' uiAccess='false'" /manifest:embed /Debug /PDB:"C:\Users\Sebastian\Documents\GitHub\sfmlProject\sfmlProject\Release\sfmlProject.pdb" /SUBSYSTEM:CONSOLE /OPT:REF /OPT:ICF /LTCG:incremental /TLBID:1 /DYNAMICBASE /NXCOMPAT /IMPLIB:"C:\Users\Sebastian\Documents\GitHub\sfmlProject\sfmlProject\Release\sfmlProject.lib" /MACHINE:X86 /SAFESEH Release\Engine.obj
         Release\ImageAltering.obj
         Release\ReadFile.obj
         Release\SaveFile.obj
         Release\SelectFile.obj
         Release\Source.obj
         Release\State.obj
         Generating code
         0 of 212 functions ( 0.0%) were compiled, the rest were copied from previous compilation.
           0 functions were new in current compilation
           0 functions had inline decision re-evaluated but remain unchanged
         Finished generating code
         sfmlProject.vcxproj -> C:\Users\Sebastian\Documents\GitHub\sfmlProject\sfmlProject\Release\sfmlProject.exe
     1>Done Building Project "C:\Users\Sebastian\Documents\GitHub\sfmlProject\sfmlProject\sfmlProject\sfmlProject.vcxproj" (Build target(s)).

Build succeeded.

Time Elapsed 00:00:01.40
